<?xml version="1.0" encoding="UTF-8"?>
<!-- Generated by org.testng.reporters.JUnitReportReporter -->
<testsuite hostname="DESKTOP-9KN64C1" failures="0" tests="1" name="test.Automationpagetest" time="8.094" errors="0" timestamp="2023-07-31T13:01:20 IST" skipped="0">
  <testcase classname="test.Automationpagetest" name="testlogin" time="8.094"/>
  <system-out/>
</testsuite> <!-- test.Automationpagetest -->
